Using pre-set license
Built from '2021.3/china_unity/release' branch; Version is '2021.3.25f1c1 (61cd80e13b5c) revision 6409600'; Using compiler version '192829333'; Build Type 'Release'
OS: 'Windows 10  (10.0.19045) 64bit CoreCountrySpecific' Language: 'zh' Physical Memory: 15773 MB
BatchMode: 1, IsHumanControllingUs: 0, StartBugReporterOnCrash: 0, Is64bit: 1, IsPro: 1

COMMAND LINE ARGUMENTS:
C:\Program Files\Unity\Hub\Editor\2021.3.25f1c1\Editor\Unity.exe
-adb2
-batchMode
-noUpm
-name
AssetImportWorker0
-projectPath
C:/Users/24677/Documents/unity/OCS
-logFile
Logs/AssetImportWorker0.log
-srvPort
64994
Successfully changed project path to: C:/Users/24677/Documents/unity/OCS
C:/Users/24677/Documents/unity/OCS
[UnityMemory] Configuration Parameters - Can be set up in boot.config
    "memorysetup-bucket-allocator-granularity=16"
    "memorysetup-bucket-allocator-bucket-count=8"
    "memorysetup-bucket-allocator-block-size=33554432"
    "memorysetup-bucket-allocator-block-count=8"
    "memorysetup-main-allocator-block-size=16777216"
    "memorysetup-thread-allocator-block-size=16777216"
    "memorysetup-gfx-main-allocator-block-size=16777216"
    "memorysetup-gfx-thread-allocator-block-size=16777216"
    "memorysetup-cache-allocator-block-size=4194304"
    "memorysetup-typetree-allocator-block-size=2097152"
    "memorysetup-profiler-bucket-allocator-granularity=16"
    "memorysetup-profiler-bucket-allocator-bucket-count=8"
    "memorysetup-profiler-bucket-allocator-block-size=33554432"
    "memorysetup-profiler-bucket-allocator-block-count=8"
    "memorysetup-profiler-allocator-block-size=16777216"
    "memorysetup-profiler-editor-allocator-block-size=1048576"
    "memorysetup-temp-allocator-size-main=16777216"
    "memorysetup-job-temp-allocator-block-size=2097152"
    "memorysetup-job-temp-allocator-block-size-background=1048576"
    "memorysetup-job-temp-allocator-reduction-small-platforms=262144"
    "memorysetup-temp-allocator-size-background-worker=32768"
    "memorysetup-temp-allocator-size-job-worker=262144"
    "memorysetup-temp-allocator-size-preload-manager=33554432"
    "memorysetup-temp-allocator-size-nav-mesh-worker=65536"
    "memorysetup-temp-allocator-size-audio-worker=65536"
    "memorysetup-temp-allocator-size-cloud-worker=32768"
    "memorysetup-temp-allocator-size-gi-baking-worker=262144"
    "memorysetup-temp-allocator-size-gfx=262144"
Player connection [1196] Host "[IP] 192.168.56.1 [Port] 0 [Flags] 2 [Guid] 738945411 [EditorId] 738945411 [Version] 1048832 [Id] WindowsEditor(7,DESKTOP-2NMKQ8A) [Debug] 1 [PackageName] WindowsEditor [ProjectName] Editor" joined multi-casting on [225.0.0.222:54997]...

Player connection [1196] Host "[IP] 192.168.56.1 [Port] 0 [Flags] 2 [Guid] 738945411 [EditorId] 738945411 [Version] 1048832 [Id] WindowsEditor(7,DESKTOP-2NMKQ8A) [Debug] 1 [PackageName] WindowsEditor [ProjectName] Editor" joined alternative multi-casting on [225.0.0.222:34997]...

received signal from system: SIGSEGV
Obtained 25 stack frames
0x00007ff6dad6ca8d (Unity) 
0x00007ff6dad73649 ((<unknown>)) 
0x00007ff6dbd1f9d3 ((<unknown>)) 
0x00007ff6dad72686 ((<unknown>)) 
0x00007ff6dad6c0bc ((<unknown>)) 
0x00007ff6dd17e14e ((<unknown>)) 
0x00007ff6dd241468 ((<unknown>)) 
0x00007ff6dd14aa80 ((<unknown>)) 
0x00007ffd2e3723af ((<unknown>)) 
0x00007ffd2e3214b4 ((<unknown>)) 
0x00007ffd2e370ebe ((<unknown>)) 
0x00007ff6da5db0ea ((<unknown>)) 
0x00007ff6da5d6030 ((<unknown>)) 
0x00007ff6da5d4edb ((<unknown>)) 
0x00007ff6da5d55b5 ((<unknown>)) 
0x00007ff6da5d480d ((<unknown>)) 
0x00007ff6daaf4ac8 ((<unknown>)) 
0x00007ff6da8ee68a ((<unknown>)) 
0x00007ff6da8ecaed ((<unknown>)) 
0x00007ff6da93a35f ((<unknown>)) 
0x00007ff6db8c2081 ((<unknown>)) 
0x00007ff6dbd2a138 ((<unknown>)) 
0x00007ff6dd1283ee ((<unknown>)) 
0x00007ffd2d7a7344 ((<unknown>)) 
0x00007ffd2e3226b1 (ntdll) RtlUserThreadStart

